[    1130ms] [WARNING] Google Maps JavaScript API has been loaded directly without loading=async. This can result in suboptimal performance. For best-practice loading patterns please see https://goo.gle/js-api-loading @ https://flatmates.com.au/rooms/sydney:5
[    1295ms] [ERROR] Framing 'https://safeinator.reamedia.com.au/' violates the following report-only Content Security Policy directive: "frame-ancestors 'self' www.realestate.com.au". The violation has been logged, but no further action has been taken.
 @ :0
[    1296ms] [ERROR] Framing 'https://safeinator.reamedia.com.au/' violates the following report-only Content Security Policy directive: "frame-ancestors 'self' www.realestate.com.au". The violation has been logged, but no further action has been taken.
 @ :0
[    1347ms] [ERROR] Framing 'https://safeinator.reamedia.com.au/' violates the following report-only Content Security Policy directive: "frame-ancestors 'self' www.realestate.com.au". The violation has been logged, but no further action has been taken.
 @ :0
[    1347ms] [ERROR] Framing 'https://safeinator.reamedia.com.au/' violates the following report-only Content Security Policy directive: "frame-ancestors 'self' www.realestate.com.au". The violation has been logged, but no further action has been taken.
 @ :0
[    1373ms] [ERROR] Framing 'https://safeinator.reamedia.com.au/' violates the following report-only Content Security Policy directive: "frame-ancestors 'self' www.realestate.com.au". The violation has been logged, but no further action has been taken.
 @ :0
[    1295ms] [ERROR] Framing 'https://safeinator.reamedia.com.au/' violates the following report-only Content Security Policy directive: "frame-ancestors 'self' www.realestate.com.au". The violation has been logged, but no further action has been taken.
 @ :0
[    1296ms] [ERROR] Framing 'https://safeinator.reamedia.com.au/' violates the following report-only Content Security Policy directive: "frame-ancestors 'self' www.realestate.com.au". The violation has been logged, but no further action has been taken.
 @ :0
[    1347ms] [ERROR] Framing 'https://safeinator.reamedia.com.au/' violates the following report-only Content Security Policy directive: "frame-ancestors 'self' www.realestate.com.au". The violation has been logged, but no further action has been taken.
 @ :0
[    1347ms] [ERROR] Framing 'https://safeinator.reamedia.com.au/' violates the following report-only Content Security Policy directive: "frame-ancestors 'self' www.realestate.com.au". The violation has been logged, but no further action has been taken.
 @ :0
[    1373ms] [ERROR] Framing 'https://safeinator.reamedia.com.au/' violates the following report-only Content Security Policy directive: "frame-ancestors 'self' www.realestate.com.au". The violation has been logged, but no further action has been taken.
 @ :0
[    1295ms] [ERROR] Framing 'https://safeinator.reamedia.com.au/' violates the following report-only Content Security Policy directive: "frame-ancestors 'self' www.realestate.com.au". The violation has been logged, but no further action has been taken.
 @ :0
[    1296ms] [ERROR] Framing 'https://safeinator.reamedia.com.au/' violates the following report-only Content Security Policy directive: "frame-ancestors 'self' www.realestate.com.au". The violation has been logged, but no further action has been taken.
 @ :0
[    1347ms] [ERROR] Framing 'https://safeinator.reamedia.com.au/' violates the following report-only Content Security Policy directive: "frame-ancestors 'self' www.realestate.com.au". The violation has been logged, but no further action has been taken.
 @ :0
[    1347ms] [ERROR] Framing 'https://safeinator.reamedia.com.au/' violates the following report-only Content Security Policy directive: "frame-ancestors 'self' www.realestate.com.au". The violation has been logged, but no further action has been taken.
 @ :0
[    1373ms] [ERROR] Framing 'https://safeinator.reamedia.com.au/' violates the following report-only Content Security Policy directive: "frame-ancestors 'self' www.realestate.com.au". The violation has been logged, but no further action has been taken.
 @ :0
[    1295ms] [ERROR] Framing 'https://safeinator.reamedia.com.au/' violates the following report-only Content Security Policy directive: "frame-ancestors 'self' www.realestate.com.au". The violation has been logged, but no further action has been taken.
 @ :0
[    1296ms] [ERROR] Framing 'https://safeinator.reamedia.com.au/' violates the following report-only Content Security Policy directive: "frame-ancestors 'self' www.realestate.com.au". The violation has been logged, but no further action has been taken.
 @ :0
[    1347ms] [ERROR] Framing 'https://safeinator.reamedia.com.au/' violates the following report-only Content Security Policy directive: "frame-ancestors 'self' www.realestate.com.au". The violation has been logged, but no further action has been taken.
 @ :0
[    1347ms] [ERROR] Framing 'https://safeinator.reamedia.com.au/' violates the following report-only Content Security Policy directive: "frame-ancestors 'self' www.realestate.com.au". The violation has been logged, but no further action has been taken.
 @ :0
[    1373ms] [ERROR] Framing 'https://safeinator.reamedia.com.au/' violates the following report-only Content Security Policy directive: "frame-ancestors 'self' www.realestate.com.au". The violation has been logged, but no further action has been taken.
 @ :0
[    1295ms] [ERROR] Framing 'https://safeinator.reamedia.com.au/' violates the following report-only Content Security Policy directive: "frame-ancestors 'self' www.realestate.com.au". The violation has been logged, but no further action has been taken.
 @ :0
[    1296ms] [ERROR] Framing 'https://safeinator.reamedia.com.au/' violates the following report-only Content Security Policy directive: "frame-ancestors 'self' www.realestate.com.au". The violation has been logged, but no further action has been taken.
 @ :0
[    1347ms] [ERROR] Framing 'https://safeinator.reamedia.com.au/' violates the following report-only Content Security Policy directive: "frame-ancestors 'self' www.realestate.com.au". The violation has been logged, but no further action has been taken.
 @ :0
[    1347ms] [ERROR] Framing 'https://safeinator.reamedia.com.au/' violates the following report-only Content Security Policy directive: "frame-ancestors 'self' www.realestate.com.au". The violation has been logged, but no further action has been taken.
 @ :0
[    1373ms] [ERROR] Framing 'https://safeinator.reamedia.com.au/' violates the following report-only Content Security Policy directive: "frame-ancestors 'self' www.realestate.com.au". The violation has been logged, but no further action has been taken.
 @ :0
[    1712ms] [WARNING] <meta name="apple-mobile-web-app-capable" content="yes"> is deprecated. Please include <meta name="mobile-web-app-capable" content="yes"> @ https://flatmates.com.au/rooms/sydney:0
[    2403ms] [ERROR] Attestation check for Shared Storage on https://www.googleadservices.com failed. @ https://www.googleadservices.com/pagead/managed/js/activeview/current/reach_worklet.html:0
[    2526ms] [ERROR] Attestation check for Attribution Reporting on https://ad.doubleclick.net failed. @ https://flatmates.com.au/rooms/sydney:0
[    2667ms] [ERROR] Attestation check for Attribution Reporting on https://ad.doubleclick.net failed. @ https://flatmates.com.au/rooms/sydney:0
[    6216ms] [WARNING] Google Maps JavaScript API warning: RetiredVersion https://developers.google.com/maps/documentation/javascript/error-messages#retired-version @ https://flatmates.com.au/rooms/sydney:5
