[     364ms] [ERROR] Failed to load resource: the server responded with a status of 404 (Not Found) @ https://flatmates.com.au/map:0
[    1052ms] [ERROR] Failed to load resource: the server responded with a status of 429 (Too Many Requests) @ https://flatmates.com.au/149e9513-01fa-4fb0-aad4-566afd725d1b/2d206a39-8ed7-437e-a3be-862e0f06eea3/fp?x-kpsdk-v=j-1.2.205:0
[    2130ms] [ERROR] Framing 'https://safeinator.reamedia.com.au/' violates the following report-only Content Security Policy directive: "frame-ancestors 'self' www.realestate.com.au". The violation has been logged, but no further action has been taken.
 @ :0
[    2130ms] [ERROR] Framing 'https://safeinator.reamedia.com.au/' violates the following report-only Content Security Policy directive: "frame-ancestors 'self' www.realestate.com.au". The violation has been logged, but no further action has been taken.
 @ :0
[    2130ms] [ERROR] Framing 'https://safeinator.reamedia.com.au/' violates the following report-only Content Security Policy directive: "frame-ancestors 'self' www.realestate.com.au". The violation has been logged, but no further action has been taken.
 @ :0
[    2130ms] [ERROR] Framing 'https://safeinator.reamedia.com.au/' violates the following report-only Content Security Policy directive: "frame-ancestors 'self' www.realestate.com.au". The violation has been logged, but no further action has been taken.
 @ :0
[    2130ms] [ERROR] Framing 'https://safeinator.reamedia.com.au/' violates the following report-only Content Security Policy directive: "frame-ancestors 'self' www.realestate.com.au". The violation has been logged, but no further action has been taken.
 @ :0
[    1052ms] [ERROR] Failed to load resource: the server responded with a status of 429 (Too Many Requests) @ https://flatmates.com.au/149e9513-01fa-4fb0-aad4-566afd725d1b/2d206a39-8ed7-437e-a3be-862e0f06eea3/fp?x-kpsdk-v=j-1.2.205:0
[    2130ms] [ERROR] Framing 'https://safeinator.reamedia.com.au/' violates the following report-only Content Security Policy directive: "frame-ancestors 'self' www.realestate.com.au". The violation has been logged, but no further action has been taken.
 @ :0
[    2130ms] [ERROR] Framing 'https://safeinator.reamedia.com.au/' violates the following report-only Content Security Policy directive: "frame-ancestors 'self' www.realestate.com.au". The violation has been logged, but no further action has been taken.
 @ :0
[    2130ms] [ERROR] Framing 'https://safeinator.reamedia.com.au/' violates the following report-only Content Security Policy directive: "frame-ancestors 'self' www.realestate.com.au". The violation has been logged, but no further action has been taken.
 @ :0
[    2130ms] [ERROR] Framing 'https://safeinator.reamedia.com.au/' violates the following report-only Content Security Policy directive: "frame-ancestors 'self' www.realestate.com.au". The violation has been logged, but no further action has been taken.
 @ :0
[    2130ms] [ERROR] Framing 'https://safeinator.reamedia.com.au/' violates the following report-only Content Security Policy directive: "frame-ancestors 'self' www.realestate.com.au". The violation has been logged, but no further action has been taken.
 @ :0
[    1052ms] [ERROR] Failed to load resource: the server responded with a status of 429 (Too Many Requests) @ https://flatmates.com.au/149e9513-01fa-4fb0-aad4-566afd725d1b/2d206a39-8ed7-437e-a3be-862e0f06eea3/fp?x-kpsdk-v=j-1.2.205:0
[    2130ms] [ERROR] Framing 'https://safeinator.reamedia.com.au/' violates the following report-only Content Security Policy directive: "frame-ancestors 'self' www.realestate.com.au". The violation has been logged, but no further action has been taken.
 @ :0
[    2130ms] [ERROR] Framing 'https://safeinator.reamedia.com.au/' violates the following report-only Content Security Policy directive: "frame-ancestors 'self' www.realestate.com.au". The violation has been logged, but no further action has been taken.
 @ :0
[    2130ms] [ERROR] Framing 'https://safeinator.reamedia.com.au/' violates the following report-only Content Security Policy directive: "frame-ancestors 'self' www.realestate.com.au". The violation has been logged, but no further action has been taken.
 @ :0
[    2130ms] [ERROR] Framing 'https://safeinator.reamedia.com.au/' violates the following report-only Content Security Policy directive: "frame-ancestors 'self' www.realestate.com.au". The violation has been logged, but no further action has been taken.
 @ :0
[    2130ms] [ERROR] Framing 'https://safeinator.reamedia.com.au/' violates the following report-only Content Security Policy directive: "frame-ancestors 'self' www.realestate.com.au". The violation has been logged, but no further action has been taken.
 @ :0
[    1052ms] [ERROR] Failed to load resource: the server responded with a status of 429 (Too Many Requests) @ https://flatmates.com.au/149e9513-01fa-4fb0-aad4-566afd725d1b/2d206a39-8ed7-437e-a3be-862e0f06eea3/fp?x-kpsdk-v=j-1.2.205:0
[    2130ms] [ERROR] Framing 'https://safeinator.reamedia.com.au/' violates the following report-only Content Security Policy directive: "frame-ancestors 'self' www.realestate.com.au". The violation has been logged, but no further action has been taken.
 @ :0
[    2130ms] [ERROR] Framing 'https://safeinator.reamedia.com.au/' violates the following report-only Content Security Policy directive: "frame-ancestors 'self' www.realestate.com.au". The violation has been logged, but no further action has been taken.
 @ :0
[    2130ms] [ERROR] Framing 'https://safeinator.reamedia.com.au/' violates the following report-only Content Security Policy directive: "frame-ancestors 'self' www.realestate.com.au". The violation has been logged, but no further action has been taken.
 @ :0
[    2130ms] [ERROR] Framing 'https://safeinator.reamedia.com.au/' violates the following report-only Content Security Policy directive: "frame-ancestors 'self' www.realestate.com.au". The violation has been logged, but no further action has been taken.
 @ :0
[    2130ms] [ERROR] Framing 'https://safeinator.reamedia.com.au/' violates the following report-only Content Security Policy directive: "frame-ancestors 'self' www.realestate.com.au". The violation has been logged, but no further action has been taken.
 @ :0
[    1052ms] [ERROR] Failed to load resource: the server responded with a status of 429 (Too Many Requests) @ https://flatmates.com.au/149e9513-01fa-4fb0-aad4-566afd725d1b/2d206a39-8ed7-437e-a3be-862e0f06eea3/fp?x-kpsdk-v=j-1.2.205:0
[    2130ms] [ERROR] Framing 'https://safeinator.reamedia.com.au/' violates the following report-only Content Security Policy directive: "frame-ancestors 'self' www.realestate.com.au". The violation has been logged, but no further action has been taken.
 @ :0
[    2130ms] [ERROR] Framing 'https://safeinator.reamedia.com.au/' violates the following report-only Content Security Policy directive: "frame-ancestors 'self' www.realestate.com.au". The violation has been logged, but no further action has been taken.
 @ :0
[    2130ms] [ERROR] Framing 'https://safeinator.reamedia.com.au/' violates the following report-only Content Security Policy directive: "frame-ancestors 'self' www.realestate.com.au". The violation has been logged, but no further action has been taken.
 @ :0
[    2130ms] [ERROR] Framing 'https://safeinator.reamedia.com.au/' violates the following report-only Content Security Policy directive: "frame-ancestors 'self' www.realestate.com.au". The violation has been logged, but no further action has been taken.
 @ :0
[    2130ms] [ERROR] Framing 'https://safeinator.reamedia.com.au/' violates the following report-only Content Security Policy directive: "frame-ancestors 'self' www.realestate.com.au". The violation has been logged, but no further action has been taken.
 @ :0
[    6685ms] [ERROR] Failed to load resource: net::ERR_CONNECTION_REFUSED @ https://cs.nex8.net/cs/openx:0
[    6721ms] [ERROR] Failed to load resource: net::ERR_NAME_NOT_RESOLVED @ https://dps.jp.cinarra.com/pxd?PLATFORM_ID=1&USER_ID=c8c02488-3d34-8ec6-c8b0-615cddaac5d8:0
[    6685ms] [ERROR] Failed to load resource: net::ERR_CONNECTION_REFUSED @ https://cs.nex8.net/cs/openx:0
[    6721ms] [ERROR] Failed to load resource: net::ERR_NAME_NOT_RESOLVED @ https://dps.jp.cinarra.com/pxd?PLATFORM_ID=1&USER_ID=c8c02488-3d34-8ec6-c8b0-615cddaac5d8:0
[    6901ms] [ERROR] Failed to load resource: net::ERR_NAME_NOT_RESOLVED @ https://match.rundsp.com/redirect?ex=openx:0
[    6685ms] [ERROR] Failed to load resource: net::ERR_CONNECTION_REFUSED @ https://cs.nex8.net/cs/openx:0
[    6721ms] [ERROR] Failed to load resource: net::ERR_NAME_NOT_RESOLVED @ https://dps.jp.cinarra.com/pxd?PLATFORM_ID=1&USER_ID=c8c02488-3d34-8ec6-c8b0-615cddaac5d8:0
[    6901ms] [ERROR] Failed to load resource: net::ERR_NAME_NOT_RESOLVED @ https://match.rundsp.com/redirect?ex=openx:0
[    7298ms] [ERROR] Failed to load resource: net::ERR_NAME_NOT_RESOLVED @ https://j.mrpdata.net/c.html?ex=OpenX:0
[    7338ms] [ERROR] Failed to load resource: the server responded with a status of 400 () @ https://match.prod.bidr.io/cookie-sync/see:0
[    6685ms] [ERROR] Failed to load resource: net::ERR_CONNECTION_REFUSED @ https://cs.nex8.net/cs/openx:0
[    6721ms] [ERROR] Failed to load resource: net::ERR_NAME_NOT_RESOLVED @ https://dps.jp.cinarra.com/pxd?PLATFORM_ID=1&USER_ID=c8c02488-3d34-8ec6-c8b0-615cddaac5d8:0
[    6901ms] [ERROR] Failed to load resource: net::ERR_NAME_NOT_RESOLVED @ https://match.rundsp.com/redirect?ex=openx:0
[    7298ms] [ERROR] Failed to load resource: net::ERR_NAME_NOT_RESOLVED @ https://j.mrpdata.net/c.html?ex=OpenX:0
[    6685ms] [ERROR] Failed to load resource: net::ERR_CONNECTION_REFUSED @ https://cs.nex8.net/cs/openx:0
[    6721ms] [ERROR] Failed to load resource: net::ERR_NAME_NOT_RESOLVED @ https://dps.jp.cinarra.com/pxd?PLATFORM_ID=1&USER_ID=c8c02488-3d34-8ec6-c8b0-615cddaac5d8:0
[    6901ms] [ERROR] Failed to load resource: net::ERR_NAME_NOT_RESOLVED @ https://match.rundsp.com/redirect?ex=openx:0
[    7298ms] [ERROR] Failed to load resource: net::ERR_NAME_NOT_RESOLVED @ https://j.mrpdata.net/c.html?ex=OpenX:0
[    6685ms] [ERROR] Failed to load resource: net::ERR_CONNECTION_REFUSED @ https://cs.nex8.net/cs/openx:0
[    6721ms] [ERROR] Failed to load resource: net::ERR_NAME_NOT_RESOLVED @ https://dps.jp.cinarra.com/pxd?PLATFORM_ID=1&USER_ID=c8c02488-3d34-8ec6-c8b0-615cddaac5d8:0
[    6901ms] [ERROR] Failed to load resource: net::ERR_NAME_NOT_RESOLVED @ https://match.rundsp.com/redirect?ex=openx:0
[    7298ms] [ERROR] Failed to load resource: net::ERR_NAME_NOT_RESOLVED @ https://j.mrpdata.net/c.html?ex=OpenX:0
[    7470ms] [ERROR] Failed to load resource: the server responded with a status of 410 (Gone) @ https://ads.stickyadstv.com/pbs-user-sync?gdpr=&gdpr_consent=&us_privacy=&gpp=&gpp_sid=&r=https%3A%2F%2Fcookies.nextmillmedia.com%2Fsetuid%3Fbidder%3Dfreewheel-ssp%26nmuid%3D%26gdpr%3D%26gdpr_consent%3D%26us_privacy%3D%26uid%3D%7Bviewerid%7D:0
[    7602ms] [ERROR] Failed to load resource: the server responded with a status of 400 () @ https://eb2.3lift.com/getuid?gdpr=0&gdpr_consent=&redir=https%3A%2F%2Fvisitor.us-west1.gcp.omnitagjs.com%2Fvisitor%2Fsync%3Fgdpr%3D0%26gdpr_consent%3D%26is_cookie_sync_uid%3D1%26name%3DTRIPLELIFT_cookie_sync%26ttl%3D720%26uid%3D771bebe2d6221e9ca65e16ebf8d2f6f3%26visitor%3D%24UID:0
[    7774ms] [ERROR] Failed to load resource: the server responded with a status of 502 () @ chrome-error://chromewebdata/:0
[    7776ms] [ERROR] Refused to display 'https://gum.aidemsrv.com/' in a frame because it set 'X-Frame-Options' to 'sameorigin'. @ chrome-error://chromewebdata/:0
[    7944ms] [ERROR] Failed to load resource: the server responded with a status of 424 (Failed Dependency) @ https://t.adx.opera.com/pub/sync?pubid=pub10101531197440&gdpr=1&gdpr_consent=:0
[    8260ms] [ERROR] Failed to load resource: the server responded with a status of 404 () @ https://id5-sync.com/k/264.gif?puid=16657168-b864-4974-af0f-d965e980fbe8&ttl=%%TTL%%:0
[    8590ms] [ERROR] Failed to load resource: the server responded with a status of 424 (Failed Dependency) @ https://t.adx.opera.com/pub/sync?pubid=pub10101531197440&gdpr=1&gdpr_consent=:0
[    6685ms] [ERROR] Failed to load resource: net::ERR_CONNECTION_REFUSED @ https://cs.nex8.net/cs/openx:0
[    6721ms] [ERROR] Failed to load resource: net::ERR_NAME_NOT_RESOLVED @ https://dps.jp.cinarra.com/pxd?PLATFORM_ID=1&USER_ID=c8c02488-3d34-8ec6-c8b0-615cddaac5d8:0
[    6901ms] [ERROR] Failed to load resource: net::ERR_NAME_NOT_RESOLVED @ https://match.rundsp.com/redirect?ex=openx:0
[    7298ms] [ERROR] Failed to load resource: net::ERR_NAME_NOT_RESOLVED @ https://j.mrpdata.net/c.html?ex=OpenX:0
[    7944ms] [ERROR] Failed to load resource: the server responded with a status of 424 (Failed Dependency) @ https://t.adx.opera.com/pub/sync?pubid=pub10101531197440&gdpr=1&gdpr_consent=:0
[    8590ms] [ERROR] Failed to load resource: the server responded with a status of 424 (Failed Dependency) @ https://t.adx.opera.com/pub/sync?pubid=pub10101531197440&gdpr=1&gdpr_consent=:0
[    8705ms] [ERROR] Failed to load resource: net::ERR_TOO_MANY_REDIRECTS @ https://id5-sync.com/k/264.gif?puid=16657168-b864-4974-af0f-d965e980fbe8&ttl=%%TTL%%:0
[    8705ms] [ERROR] Failed to load resource: net::ERR_TOO_MANY_REDIRECTS @ https://id5-sync.com/k/264.gif?puid=16657168-b864-4974-af0f-d965e980fbe8&ttl=%%TTL%%:0
[    8705ms] [ERROR] Failed to load resource: net::ERR_TOO_MANY_REDIRECTS @ https://id5-sync.com/k/264.gif?puid=16657168-b864-4974-af0f-d965e980fbe8&ttl=%%TTL%%:0
